#0 building with "desktop-linux" instance using docker driver

#1 [internal] load build definition from Dockerfile
#1 transferring dockerfile: 489B done
#1 DONE 0.0s

#2 [internal] load metadata for docker.io/library/node:18-alpine
#2 DONE 1.5s

#3 [internal] load .dockerignore
#3 transferring context: 2B done
#3 DONE 0.0s

#4 [1/5] FROM docker.io/library/node:18-alpine@sha256:02376a266c84acbf45bd19440e08e48b1c8b98037417334046029ab585de03e2
#4 DONE 0.0s

#5 [2/5] WORKDIR /usr/src/app
#5 CACHED

#6 [internal] load build context
#6 transferring context: 5.63MB 0.7s done
#6 DONE 0.7s

#7 [3/5] COPY package*.json ./
#7 DONE 0.1s

#8 [4/5] RUN npm install
#8 1.270 npm warn EBADENGINE Unsupported engine {
#8 1.270 npm warn EBADENGINE   package: 'glob@11.0.0',
#8 1.270 npm warn EBADENGINE   required: { node: '20 || >=22' },
#8 1.270 npm warn EBADENGINE   current: { node: 'v18.20.4', npm: '10.7.0' }
#8 1.270 npm warn EBADENGINE }
#8 1.272 npm warn EBADENGINE Unsupported engine {
#8 1.272 npm warn EBADENGINE   package: 'jackspeak@4.0.1',
#8 1.272 npm warn EBADENGINE   required: { node: '20 || >=22' },
#8 1.272 npm warn EBADENGINE   current: { node: 'v18.20.4', npm: '10.7.0' }
#8 1.272 npm warn EBADENGINE }
#8 1.273 npm warn EBADENGINE Unsupported engine {
#8 1.273 npm warn EBADENGINE   package: 'lru-cache@11.0.1',
#8 1.273 npm warn EBADENGINE   required: { node: '20 || >=22' },
#8 1.273 npm warn EBADENGINE   current: { node: 'v18.20.4', npm: '10.7.0' }
#8 1.273 npm warn EBADENGINE }
#8 1.277 npm warn EBADENGINE Unsupported engine {
#8 1.277 npm warn EBADENGINE   package: 'minimatch@10.0.1',
#8 1.277 npm warn EBADENGINE   required: { node: '20 || >=22' },
#8 1.277 npm warn EBADENGINE   current: { node: 'v18.20.4', npm: '10.7.0' }
#8 1.277 npm warn EBADENGINE }
#8 1.277 npm warn EBADENGINE Unsupported engine {
#8 1.277 npm warn EBADENGINE   package: 'path-scurry@2.0.0',
#8 1.277 npm warn EBADENGINE   required: { node: '20 || >=22' },
#8 1.277 npm warn EBADENGINE   current: { node: 'v18.20.4', npm: '10.7.0' }
#8 1.277 npm warn EBADENGINE }
#8 1.279 npm warn EBADENGINE Unsupported engine {
#8 1.279 npm warn EBADENGINE   package: 'rimraf@6.0.1',
#8 1.279 npm warn EBADENGINE   required: { node: '20 || >=22' },
#8 1.279 npm warn EBADENGINE   current: { node: 'v18.20.4', npm: '10.7.0' }
#8 1.279 npm warn EBADENGINE }
#8 4.822 npm warn deprecated npmlog@7.0.1: This package is no longer supported.
#8 5.969 npm warn deprecated inflight@1.0.6: This module is not supported, and leaks memory. Do not use it. Check out lru-cache if you want a good and tested way to coalesce async requests by a key value, which is much more comprehensive and powerful.
#8 6.975 npm warn deprecated gauge@5.0.2: This package is no longer supported.
#8 8.722 npm warn deprecated are-we-there-yet@4.0.2: This package is no longer supported.
#8 9.243 npm warn deprecated @npmcli/move-file@3.0.0: This functionality has been moved to @npmcli/fs
#8 10.88 npm warn deprecated rimraf@3.0.2: Rimraf versions prior to v4 are no longer supported
#8 10.88 npm warn deprecated npmlog@6.0.2: This package is no longer supported.
#8 11.08 npm warn deprecated glob@7.2.3: Glob versions prior to v9 are no longer supported
#8 11.09 npm warn deprecated gauge@4.0.4: This package is no longer supported.
#8 11.29 npm warn deprecated are-we-there-yet@3.0.1: This package is no longer supported.
#8 11.37 npm warn deprecated glob@7.2.3: Glob versions prior to v9 are no longer supported
#8 11.44 npm warn deprecated rimraf@3.0.2: Rimraf versions prior to v4 are no longer supported
#8 11.53 npm warn deprecated @npmcli/move-file@1.1.2: This functionality has been moved to @npmcli/fs
#8 11.55 npm warn deprecated rimraf@3.0.2: Rimraf versions prior to v4 are no longer supported
#8 11.78 npm warn deprecated glob@7.2.3: Glob versions prior to v9 are no longer supported
#8 18.65 
#8 18.65 added 303 packages, and audited 304 packages in 18s
#8 18.65 
#8 18.65 35 packages are looking for funding
#8 18.65   run `npm fund` for details
#8 18.66 
#8 18.66 found 0 vulnerabilities
#8 18.66 npm notice
#8 18.66 npm notice New minor version of npm available! 10.7.0 -> 10.8.3
#8 18.66 npm notice Changelog: https://github.com/npm/cli/releases/tag/v10.8.3
#8 18.66 npm notice To update run: npm install -g npm@10.8.3
#8 18.66 npm notice
#8 DONE 18.8s

#9 [5/5] COPY . .
#9 DONE 1.8s

#10 exporting to image
#10 exporting layers
#10 exporting layers 1.0s done
#10 writing image sha256:26d2e3efdc5fc7654d13bb2be4a84de3ab1b2f240026f78eeea4cba21d14cf4c 0.0s done
#10 DONE 1.0s
